<?xml version="1.0" encoding="UTF-8"?>
<!-- Generated by org.testng.reporters.JUnitXMLReporter -->
<testsuite hostname="DESKTOP-QNHJ5Q7" name="Test2" tests="4" failures="0" timestamp="1 Dec 2022 06:04:04 GMT" time="0.016" errors="0">
  <testcase name="login" time="0.0" classname="testNGExample.Priority"/>
  <testcase name="addItems" time="0.0" classname="testNGExample.Priority"/>
  <testcase name="payment" time="0.0" classname="testNGExample.Priority"/>
  <testcase name="logout" time="0.0" classname="testNGExample.Priority"/>
</testsuite> <!-- Test2 -->
