<?xml version="1.0" encoding="UTF-8"?>
<testng-results skipped="0" failed="0" total="1" passed="1">
  <reporter-output>
  </reporter-output>
  <suite name="Default suite" duration-ms="179806" started-at="2022-12-07T11:16:22Z" finished-at="2022-12-07T11:19:21Z">
    <groups>
    </groups>
    <test name="Default test" duration-ms="179806" started-at="2022-12-07T11:16:22Z" finished-at="2022-12-07T11:19:21Z">
      <class name="excelFileExample.RegisterStudentExcelTest">
        <test-method status="PASS" signature="RegistrationDataDrivernTest()[pri:0, instance:excelFileExample.RegisterStudentExcelTest@1753acfe]" name="RegistrationDataDrivernTest" duration-ms="179792" started-at="2022-12-07T03:16:22Z" finished-at="2022-12-07T03:19:21Z">
          <reporter-output>
          </reporter-output>
        </test-method> <!-- RegistrationDataDrivernTest -->
      </class> <!-- excelFileExample.RegisterStudentExcelTest -->
    </test> <!-- Default test -->
  </suite> <!-- Default suite -->
</testng-results>
